This file contains any messages produced by compilers while
running configure, to aid debugging if configure makes a mistake.

It was created by bmon configure 4.0, which was
generated by GNU Autoconf 2.71.  Invocation command line was

  $ ./configure

## --------- ##
## Platform. ##
## --------- ##

hostname = kali
uname -m = x86_64
uname -r = 6.1.0-kali5-amd64
uname -s = Linux
uname -v = #1 SMP PREEMPT_DYNAMIC Debian 6.1.12-1kali2 (2023-02-23)

/usr/bin/uname -p = unknown
/bin/uname -X     = unknown

/bin/arch              = x86_64
/usr/bin/arch -k       = unknown
/usr/convex/getsysinfo = unknown
/usr/bin/hostinfo      = unknown
/bin/machine           = unknown
/usr/bin/oslevel       = unknown
/bin/universe          = unknown

PATH: /usr/local/sbin/
PATH: /usr/local/bin/
PATH: /usr/sbin/
PATH: /usr/bin/
PATH: /sbin/
PATH: /bin/
PATH: /usr/local/games/
PATH: /usr/games/


## ----------- ##
## Core tests. ##
## ----------- ##

configure:2497: looking for aux files: compile missing install-sh config.guess config.sub
configure:2510:  trying ./build-aux/
configure:2539:   ./build-aux/compile found
configure:2539:   ./build-aux/missing found
configure:2521:   ./build-aux/install-sh found
configure:2539:   ./build-aux/config.guess found
configure:2539:   ./build-aux/config.sub found
configure:2662: checking build system type
configure:2677: result: x86_64-pc-linux-gnu
configure:2697: checking host system type
configure:2711: result: x86_64-pc-linux-gnu
configure:2731: checking target system type
configure:2745: result: x86_64-pc-linux-gnu
configure:2790: checking for a BSD-compatible install
configure:2863: result: /usr/bin/install -c
configure:2874: checking whether build environment is sane
configure:2929: result: yes
configure:3088: checking for a race-free mkdir -p
configure:3132: result: /usr/bin/mkdir -p
configure:3139: checking for gawk
configure:3160: found /usr/bin/gawk
configure:3171: result: gawk
configure:3182: checking whether make sets $(MAKE)
configure:3205: result: yes
configure:3235: checking whether make supports nested variables
configure:3253: result: yes
configure:3401: checking whether make supports nested variables
configure:3419: result: yes
configure:3444: checking whether make supports the include directive
configure:3459: make -f confmf.GNU && cat confinc.out
this is the am__doit target
configure:3462: $? = 0
configure:3481: result: yes (GNU style)
configure:3557: checking for gcc
configure:3578: found /usr/bin/gcc
configure:3589: result: gcc
configure:3942: checking for C compiler version
configure:3951: gcc --version >&5
gcc (Debian 12.2.0-14) 12.2.0
Copyright (C) 2022 Free Software Foundation, Inc.
This is free software; see the source for copying conditions.  There is NO
warranty; not even for MERCHANTABILITY or FITNESS FOR A PARTICULAR PURPOSE.

configure:3962: $? = 0
configure:3951: gcc -v >&5
Using built-in specs.
COLLECT_GCC=gcc
COLLECT_LTO_WRAPPER=/usr/lib/gcc/x86_64-linux-gnu/12/lto-wrapper
OFFLOAD_TARGET_NAMES=nvptx-none:amdgcn-amdhsa
OFFLOAD_TARGET_DEFAULT=1
Target: x86_64-linux-gnu
Configured with: ../src/configure -v --with-pkgversion='Debian 12.2.0-14' --with-bugurl=file:///usr/share/doc/gcc-12/README.Bugs --enable-languages=c,ada,c++,go,d,fortran,objc,obj-c++,m2 --prefix=/usr --with-gcc-major-version-only --program-suffix=-12 --program-prefix=x86_64-linux-gnu- --enable-shared --enable-linker-build-id --libexecdir=/usr/lib --without-included-gettext --enable-threads=posix --libdir=/usr/lib --enable-nls --enable-clocale=gnu --enable-libstdcxx-debug --enable-libstdcxx-time=yes --with-default-libstdcxx-abi=new --enable-gnu-unique-object --disable-vtable-verify --enable-plugin --enable-default-pie --with-system-zlib --enable-libphobos-checking=release --with-target-system-zlib=auto --enable-objc-gc=auto --enable-multiarch --disable-werror --enable-cet --with-arch-32=i686 --with-abi=m64 --with-multilib-list=m32,m64,mx32 --enable-multilib --with-tune=generic --enable-offload-targets=nvptx-none=/build/gcc-12-bTRWOB/gcc-12-12.2.0/debian/tmp-nvptx/usr,amdgcn-amdhsa=/build/gcc-12-bTRWOB/gcc-12-12.2.0/debian/tmp-gcn/usr --enable-offload-defaulted --without-cuda-driver --enable-checking=release --build=x86_64-linux-gnu --host=x86_64-linux-gnu --target=x86_64-linux-gnu
Thread model: posix
Supported LTO compression algorithms: zlib zstd
gcc version 12.2.0 (Debian 12.2.0-14) 
... rest of stderr output deleted ...
configure:3962: $? = 0
configure:3951: gcc -V >&5
gcc: error: unrecognized command-line option '-V'
gcc: fatal error: no input files
compilation terminated.
configure:3962: $? = 1
configure:3951: gcc -qversion >&5
gcc: error: unrecognized command-line option '-qversion'; did you mean '--version'?
gcc: fatal error: no input files
compilation terminated.
configure:3962: $? = 1
configure:3951: gcc -version >&5
gcc: error: unrecognized command-line option '-version'
gcc: fatal error: no input files
compilation terminated.
configure:3962: $? = 1
configure:3982: checking whether the C compiler works
configure:4004: gcc    conftest.c  >&5
configure:4008: $? = 0
configure:4058: result: yes
configure:4061: checking for C compiler default output file name
configure:4063: result: a.out
configure:4069: checking for suffix of executables
configure:4076: gcc -o conftest    conftest.c  >&5
configure:4080: $? = 0
configure:4103: result: 
configure:4125: checking whether we are cross compiling
configure:4133: gcc -o conftest    conftest.c  >&5
configure:4137: $? = 0
configure:4144: ./conftest
configure:4148: $? = 0
configure:4163: result: no
configure:4168: checking for suffix of object files
configure:4191: gcc -c   conftest.c >&5
configure:4195: $? = 0
configure:4217: result: o
configure:4221: checking whether the compiler supports GNU C
configure:4241: gcc -c   conftest.c >&5
configure:4241: $? = 0
configure:4251: result: yes
configure:4262: checking whether gcc accepts -g
configure:4283: gcc -c -g  conftest.c >&5
configure:4283: $? = 0
configure:4327: result: yes
configure:4347: checking for gcc option to enable C11 features
configure:4362: gcc  -c -g -O2  conftest.c >&5
configure:4362: $? = 0
configure:4380: result: none needed
configure:4496: checking whether gcc understands -c and -o together
configure:4519: gcc -c conftest.c -o conftest2.o
configure:4522: $? = 0
configure:4519: gcc -c conftest.c -o conftest2.o
configure:4522: $? = 0
configure:4534: result: yes
configure:4553: checking dependency style of gcc
configure:4665: result: gcc3
configure:4681: checking for library containing strerror
configure:4711: gcc -o conftest -g -O2   conftest.c  >&5
configure:4711: $? = 0
configure:4731: result: none required
configure:4793: checking for gcc
configure:4825: result: gcc
configure:5178: checking for C compiler version
configure:5187: gcc --version >&5
gcc (Debian 12.2.0-14) 12.2.0
Copyright (C) 2022 Free Software Foundation, Inc.
This is free software; see the source for copying conditions.  There is NO
warranty; not even for MERCHANTABILITY or FITNESS FOR A PARTICULAR PURPOSE.

configure:5198: $? = 0
configure:5187: gcc -v >&5
Using built-in specs.
COLLECT_GCC=gcc
COLLECT_LTO_WRAPPER=/usr/lib/gcc/x86_64-linux-gnu/12/lto-wrapper
OFFLOAD_TARGET_NAMES=nvptx-none:amdgcn-amdhsa
OFFLOAD_TARGET_DEFAULT=1
Target: x86_64-linux-gnu
Configured with: ../src/configure -v --with-pkgversion='Debian 12.2.0-14' --with-bugurl=file:///usr/share/doc/gcc-12/README.Bugs --enable-languages=c,ada,c++,go,d,fortran,objc,obj-c++,m2 --prefix=/usr --with-gcc-major-version-only --program-suffix=-12 --program-prefix=x86_64-linux-gnu- --enable-shared --enable-linker-build-id --libexecdir=/usr/lib --without-included-gettext --enable-threads=posix --libdir=/usr/lib --enable-nls --enable-clocale=gnu --enable-libstdcxx-debug --enable-libstdcxx-time=yes --with-default-libstdcxx-abi=new --enable-gnu-unique-object --disable-vtable-verify --enable-plugin --enable-default-pie --with-system-zlib --enable-libphobos-checking=release --with-target-system-zlib=auto --enable-objc-gc=auto --enable-multiarch --disable-werror --enable-cet --with-arch-32=i686 --with-abi=m64 --with-multilib-list=m32,m64,mx32 --enable-multilib --with-tune=generic --enable-offload-targets=nvptx-none=/build/gcc-12-bTRWOB/gcc-12-12.2.0/debian/tmp-nvptx/usr,amdgcn-amdhsa=/build/gcc-12-bTRWOB/gcc-12-12.2.0/debian/tmp-gcn/usr --enable-offload-defaulted --without-cuda-driver --enable-checking=release --build=x86_64-linux-gnu --host=x86_64-linux-gnu --target=x86_64-linux-gnu
Thread model: posix
Supported LTO compression algorithms: zlib zstd
gcc version 12.2.0 (Debian 12.2.0-14) 
... rest of stderr output deleted ...
configure:5198: $? = 0
configure:5187: gcc -V >&5
gcc: error: unrecognized command-line option '-V'
gcc: fatal error: no input files
compilation terminated.
configure:5198: $? = 1
configure:5187: gcc -qversion >&5
gcc: error: unrecognized command-line option '-qversion'; did you mean '--version'?
gcc: fatal error: no input files
compilation terminated.
configure:5198: $? = 1
configure:5187: gcc -version >&5
gcc: error: unrecognized command-line option '-version'
gcc: fatal error: no input files
compilation terminated.
configure:5198: $? = 1
configure:5202: checking whether the compiler supports GNU C
configure:5232: result: yes
configure:5243: checking whether gcc accepts -g
configure:5308: result: yes
configure:5328: checking for gcc option to enable C11 features
configure:5361: result: none needed
configure:5477: checking whether gcc understands -c and -o together
configure:5515: result: yes
configure:5534: checking dependency style of gcc
configure:5646: result: gcc3
configure:5667: checking how to run the C preprocessor
configure:5693: gcc -E  conftest.c
configure:5693: $? = 0
configure:5708: gcc -E  conftest.c
conftest.c:11:10: fatal error: ac_nonexistent.h: No such file or directory
   11 | #include <ac_nonexistent.h>
      |          ^~~~~~~~~~~~~~~~~~
compilation terminated.
configure:5708: $? = 1
configure: failed program was:
| /* confdefs.h */
| #define PACKAGE_NAME "bmon"
| #define PACKAGE_TARNAME "bmon"
| #define PACKAGE_VERSION "4.0"
| #define PACKAGE_STRING "bmon 4.0"
| #define PACKAGE_BUGREPORT ""
| #define PACKAGE_URL "https://github.com/tgraf/bmon"
| #define PACKAGE "bmon"
| #define VERSION "4.0"
| /* end confdefs.h.  */
| #include <ac_nonexistent.h>
configure:5735: result: gcc -E
configure:5749: gcc -E  conftest.c
configure:5749: $? = 0
configure:5764: gcc -E  conftest.c
conftest.c:11:10: fatal error: ac_nonexistent.h: No such file or directory
   11 | #include <ac_nonexistent.h>
      |          ^~~~~~~~~~~~~~~~~~
compilation terminated.
configure:5764: $? = 1
configure: failed program was:
| /* confdefs.h */
| #define PACKAGE_NAME "bmon"
| #define PACKAGE_TARNAME "bmon"
| #define PACKAGE_VERSION "4.0"
| #define PACKAGE_STRING "bmon 4.0"
| #define PACKAGE_BUGREPORT ""
| #define PACKAGE_URL "https://github.com/tgraf/bmon"
| #define PACKAGE "bmon"
| #define VERSION "4.0"
| /* end confdefs.h.  */
| #include <ac_nonexistent.h>
configure:5794: checking whether make sets $(MAKE)
configure:5817: result: yes
configure:5828: checking for an ANSI C-conforming const
configure:5895: gcc -c -g -O2  conftest.c >&5
configure:5895: $? = 0
configure:5903: result: yes
configure:5911: checking for inline
configure:5928: gcc -c -g -O2  conftest.c >&5
configure:5928: $? = 0
configure:5937: result: inline
configure:5960: checking for stdio.h
configure:5960: gcc -c -g -O2  conftest.c >&5
configure:5960: $? = 0
configure:5960: result: yes
configure:5960: checking for stdlib.h
configure:5960: gcc -c -g -O2  conftest.c >&5
configure:5960: $? = 0
configure:5960: result: yes
configure:5960: checking for string.h
configure:5960: gcc -c -g -O2  conftest.c >&5
configure:5960: $? = 0
configure:5960: result: yes
configure:5960: checking for inttypes.h
configure:5960: gcc -c -g -O2  conftest.c >&5
configure:5960: $? = 0
configure:5960: result: yes
configure:5960: checking for stdint.h
configure:5960: gcc -c -g -O2  conftest.c >&5
configure:5960: $? = 0
configure:5960: result: yes
configure:5960: checking for strings.h
configure:5960: gcc -c -g -O2  conftest.c >&5
configure:5960: $? = 0
configure:5960: result: yes
configure:5960: checking for sys/stat.h
configure:5960: gcc -c -g -O2  conftest.c >&5
configure:5960: $? = 0
configure:5960: result: yes
configure:5960: checking for sys/types.h
configure:5960: gcc -c -g -O2  conftest.c >&5
configure:5960: $? = 0
configure:5960: result: yes
configure:5960: checking for unistd.h
configure:5960: gcc -c -g -O2  conftest.c >&5
configure:5960: $? = 0
configure:5960: result: yes
configure:5960: checking for sys/time.h
configure:5960: gcc -c -g -O2  conftest.c >&5
configure:5960: $? = 0
configure:5960: result: yes
configure:5960: checking for vfork.h
configure:5960: gcc -c -g -O2  conftest.c >&5
conftest.c:49:10: fatal error: vfork.h: No such file or directory
   49 | #include <vfork.h>
      |          ^~~~~~~~~
compilation terminated.
configure:5960: $? = 1
configure: failed program was:
| /* confdefs.h */
| #define PACKAGE_NAME "bmon"
| #define PACKAGE_TARNAME "bmon"
| #define PACKAGE_VERSION "4.0"
| #define PACKAGE_STRING "bmon 4.0"
| #define PACKAGE_BUGREPORT ""
| #define PACKAGE_URL "https://github.com/tgraf/bmon"
| #define PACKAGE "bmon"
| #define VERSION "4.0"
| #define HAVE_STDIO_H 1
| #define HAVE_STDLIB_H 1
| #define HAVE_STRING_H 1
| #define HAVE_INTTYPES_H 1
| #define HAVE_STDINT_H 1
| #define HAVE_STRINGS_H 1
| #define HAVE_SYS_STAT_H 1
| #define HAVE_SYS_TYPES_H 1
| #define HAVE_UNISTD_H 1
| #define HAVE_SYS_TIME_H 1
| /* end confdefs.h.  */
| #include <stddef.h>
| #ifdef HAVE_STDIO_H
| # include <stdio.h>
| #endif
| #ifdef HAVE_STDLIB_H
| # include <stdlib.h>
| #endif
| #ifdef HAVE_STRING_H
| # include <string.h>
| #endif
| #ifdef HAVE_INTTYPES_H
| # include <inttypes.h>
| #endif
| #ifdef HAVE_STDINT_H
| # include <stdint.h>
| #endif
| #ifdef HAVE_STRINGS_H
| # include <strings.h>
| #endif
| #ifdef HAVE_SYS_TYPES_H
| # include <sys/types.h>
| #endif
| #ifdef HAVE_SYS_STAT_H
| # include <sys/stat.h>
| #endif
| #ifdef HAVE_UNISTD_H
| # include <unistd.h>
| #endif
| #include <vfork.h>
configure:5960: result: no
configure:5998: checking for dirent.h that defines DIR
configure:6018: gcc -c -g -O2  conftest.c >&5
configure:6018: $? = 0
configure:6027: result: yes
configure:6041: checking for library containing opendir
configure:6071: gcc -o conftest -g -O2   conftest.c  >&5
configure:6071: $? = 0
configure:6091: result: none required
configure:6163: checking for size_t
configure:6163: gcc -c -g -O2  conftest.c >&5
configure:6163: $? = 0
configure:6163: gcc -c -g -O2  conftest.c >&5
conftest.c: In function 'main':
conftest.c:55:21: error: expected expression before ')' token
   55 | if (sizeof ((size_t)))
      |                     ^
configure:6163: $? = 1
configure: failed program was:
| /* confdefs.h */
| #define PACKAGE_NAME "bmon"
| #define PACKAGE_TARNAME "bmon"
| #define PACKAGE_VERSION "4.0"
| #define PACKAGE_STRING "bmon 4.0"
| #define PACKAGE_BUGREPORT ""
| #define PACKAGE_URL "https://github.com/tgraf/bmon"
| #define PACKAGE "bmon"
| #define VERSION "4.0"
| #define HAVE_STDIO_H 1
| #define HAVE_STDLIB_H 1
| #define HAVE_STRING_H 1
| #define HAVE_INTTYPES_H 1
| #define HAVE_STDINT_H 1
| #define HAVE_STRINGS_H 1
| #define HAVE_SYS_STAT_H 1
| #define HAVE_SYS_TYPES_H 1
| #define HAVE_UNISTD_H 1
| #define HAVE_SYS_TIME_H 1
| #define STDC_HEADERS 1
| #define TIME_WITH_SYS_TIME 1
| #define HAVE_DIRENT_H 1
| /* end confdefs.h.  */
| #include <stddef.h>
| #ifdef HAVE_STDIO_H
| # include <stdio.h>
| #endif
| #ifdef HAVE_STDLIB_H
| # include <stdlib.h>
| #endif
| #ifdef HAVE_STRING_H
| # include <string.h>
| #endif
| #ifdef HAVE_INTTYPES_H
| # include <inttypes.h>
| #endif
| #ifdef HAVE_STDINT_H
| # include <stdint.h>
| #endif
| #ifdef HAVE_STRINGS_H
| # include <strings.h>
| #endif
| #ifdef HAVE_SYS_TYPES_H
| # include <sys/types.h>
| #endif
| #ifdef HAVE_SYS_STAT_H
| # include <sys/stat.h>
| #endif
| #ifdef HAVE_UNISTD_H
| # include <unistd.h>
| #endif
| int
| main (void)
| {
| if (sizeof ((size_t)))
| 	    return 0;
|   ;
|   return 0;
| }
configure:6163: result: yes
configure:6173: checking return type of signal handlers
configure:6192: gcc -c -g -O2  conftest.c >&5
conftest.c: In function 'main':
conftest.c:30:10: error: void value not ignored as it ought to be
   30 | return *(signal (0, 0)) (0) == 1;
      |         ~^~~~~~~~~~~~~~~~~~
configure:6192: $? = 1
configure: failed program was:
| /* confdefs.h */
| #define PACKAGE_NAME "bmon"
| #define PACKAGE_TARNAME "bmon"
| #define PACKAGE_VERSION "4.0"
| #define PACKAGE_STRING "bmon 4.0"
| #define PACKAGE_BUGREPORT ""
| #define PACKAGE_URL "https://github.com/tgraf/bmon"
| #define PACKAGE "bmon"
| #define VERSION "4.0"
| #define HAVE_STDIO_H 1
| #define HAVE_STDLIB_H 1
| #define HAVE_STRING_H 1
| #define HAVE_INTTYPES_H 1
| #define HAVE_STDINT_H 1
| #define HAVE_STRINGS_H 1
| #define HAVE_SYS_STAT_H 1
| #define HAVE_SYS_TYPES_H 1
| #define HAVE_UNISTD_H 1
| #define HAVE_SYS_TIME_H 1
| #define STDC_HEADERS 1
| #define TIME_WITH_SYS_TIME 1
| #define HAVE_DIRENT_H 1
| /* end confdefs.h.  */
| #include <sys/types.h>
| #include <signal.h>
| 
| int
| main (void)
| {
| return *(signal (0, 0)) (0) == 1;
|   ;
|   return 0;
| }
configure:6200: result: void
configure:6207: checking for pid_t
configure:6207: gcc -c -g -O2  conftest.c >&5
configure:6207: $? = 0
configure:6207: gcc -c -g -O2  conftest.c >&5
conftest.c: In function 'main':
conftest.c:57:20: error: expected expression before ')' token
   57 | if (sizeof ((pid_t)))
      |                    ^
configure:6207: $? = 1
configure: failed program was:
| /* confdefs.h */
| #define PACKAGE_NAME "bmon"
| #define PACKAGE_TARNAME "bmon"
| #define PACKAGE_VERSION "4.0"
| #define PACKAGE_STRING "bmon 4.0"
| #define PACKAGE_BUGREPORT ""
| #define PACKAGE_URL "https://github.com/tgraf/bmon"
| #define PACKAGE "bmon"
| #define VERSION "4.0"
| #define HAVE_STDIO_H 1
| #define HAVE_STDLIB_H 1
| #define HAVE_STRING_H 1
| #define HAVE_INTTYPES_H 1
| #define HAVE_STDINT_H 1
| #define HAVE_STRINGS_H 1
| #define HAVE_SYS_STAT_H 1
| #define HAVE_SYS_TYPES_H 1
| #define HAVE_UNISTD_H 1
| #define HAVE_SYS_TIME_H 1
| #define STDC_HEADERS 1
| #define TIME_WITH_SYS_TIME 1
| #define HAVE_DIRENT_H 1
| #define RETSIGTYPE void
| /* end confdefs.h.  */
| #include <stddef.h>
| #ifdef HAVE_STDIO_H
| # include <stdio.h>
| #endif
| #ifdef HAVE_STDLIB_H
| # include <stdlib.h>
| #endif
| #ifdef HAVE_STRING_H
| # include <string.h>
| #endif
| #ifdef HAVE_INTTYPES_H
| # include <inttypes.h>
| #endif
| #ifdef HAVE_STDINT_H
| # include <stdint.h>
| #endif
| #ifdef HAVE_STRINGS_H
| # include <strings.h>
| #endif
| #ifdef HAVE_SYS_TYPES_H
| # include <sys/types.h>
| #endif
| #ifdef HAVE_SYS_STAT_H
| # include <sys/stat.h>
| #endif
| #ifdef HAVE_UNISTD_H
| # include <unistd.h>
| #endif
| 
| int
| main (void)
| {
| if (sizeof ((pid_t)))
| 	    return 0;
|   ;
|   return 0;
| }
configure:6207: result: yes
configure:6249: checking for fork
configure:6249: gcc -o conftest -g -O2   conftest.c  >&5
conftest.c:41:6: warning: conflicting types for built-in function 'fork'; expected 'int(void)' [-Wbuiltin-declaration-mismatch]
   41 | char fork ();
      |      ^~~~
configure:6249: $? = 0
configure:6249: result: yes
configure:6249: checking for vfork
configure:6249: gcc -o conftest -g -O2   conftest.c  >&5
configure:6249: $? = 0
configure:6249: result: yes
configure:6262: checking for working fork
configure:6286: gcc -o conftest -g -O2   conftest.c  >&5
configure:6286: $? = 0
configure:6286: ./conftest
configure:6286: $? = 0
configure:6297: result: yes
configure:6318: checking for working vfork
configure:6447: result: yes
configure:6473: checking for getopt.h
configure:6473: gcc -c -g -O2  conftest.c >&5
configure:6473: $? = 0
configure:6473: result: yes
configure:6479: checking for ncurses/ncurses.h
configure:6479: gcc -c -g -O2  conftest.c >&5
conftest.c:58:10: fatal error: ncurses/ncurses.h: No such file or directory
   58 | #include <ncurses/ncurses.h>
      |          ^~~~~~~~~~~~~~~~~~~
compilation terminated.
configure:6479: $? = 1
configure: failed program was:
| /* confdefs.h */
| #define PACKAGE_NAME "bmon"
| #define PACKAGE_TARNAME "bmon"
| #define PACKAGE_VERSION "4.0"
| #define PACKAGE_STRING "bmon 4.0"
| #define PACKAGE_BUGREPORT ""
| #define PACKAGE_URL "https://github.com/tgraf/bmon"
| #define PACKAGE "bmon"
| #define VERSION "4.0"
| #define HAVE_STDIO_H 1
| #define HAVE_STDLIB_H 1
| #define HAVE_STRING_H 1
| #define HAVE_INTTYPES_H 1
| #define HAVE_STDINT_H 1
| #define HAVE_STRINGS_H 1
| #define HAVE_SYS_STAT_H 1
| #define HAVE_SYS_TYPES_H 1
| #define HAVE_UNISTD_H 1
| #define HAVE_SYS_TIME_H 1
| #define STDC_HEADERS 1
| #define TIME_WITH_SYS_TIME 1
| #define HAVE_DIRENT_H 1
| #define RETSIGTYPE void
| #define HAVE_FORK 1
| #define HAVE_VFORK 1
| #define HAVE_WORKING_VFORK 1
| #define HAVE_WORKING_FORK 1
| #define HAVE_GETOPT_H 1
| /* end confdefs.h.  */
| #include <stddef.h>
| #ifdef HAVE_STDIO_H
| # include <stdio.h>
| #endif
| #ifdef HAVE_STDLIB_H
| # include <stdlib.h>
| #endif
| #ifdef HAVE_STRING_H
| # include <string.h>
| #endif
| #ifdef HAVE_INTTYPES_H
| # include <inttypes.h>
| #endif
| #ifdef HAVE_STDINT_H
| # include <stdint.h>
| #endif
| #ifdef HAVE_STRINGS_H
| # include <strings.h>
| #endif
| #ifdef HAVE_SYS_TYPES_H
| # include <sys/types.h>
| #endif
| #ifdef HAVE_SYS_STAT_H
| # include <sys/stat.h>
| #endif
| #ifdef HAVE_UNISTD_H
| # include <unistd.h>
| #endif
| #include <ncurses/ncurses.h>
configure:6479: result: no
configure:6485: checking for ncurses.h
configure:6485: gcc -c -g -O2  conftest.c >&5
configure:6485: $? = 0
configure:6485: result: yes
configure:6491: checking for curses.h
configure:6491: gcc -c -g -O2  conftest.c >&5
configure:6491: $? = 0
configure:6491: result: yes
configure:6498: checking for dirent.h
configure:6498: gcc -c -g -O2  conftest.c >&5
configure:6498: $? = 0
configure:6498: result: yes
configure:6504: checking for sys/utsname.h
configure:6504: gcc -c -g -O2  conftest.c >&5
configure:6504: $? = 0
configure:6504: result: yes
configure:6510: checking for sys/sockio.h
configure:6510: gcc -c -g -O2  conftest.c >&5
conftest.c:62:10: fatal error: sys/sockio.h: No such file or directory
   62 | #include <sys/sockio.h>
      |          ^~~~~~~~~~~~~~
compilation terminated.
configure:6510: $? = 1
configure: failed program was:
| /* confdefs.h */
| #define PACKAGE_NAME "bmon"
| #define PACKAGE_TARNAME "bmon"
| #define PACKAGE_VERSION "4.0"
| #define PACKAGE_STRING "bmon 4.0"
| #define PACKAGE_BUGREPORT ""
| #define PACKAGE_URL "https://github.com/tgraf/bmon"
| #define PACKAGE "bmon"
| #define VERSION "4.0"
| #define HAVE_STDIO_H 1
| #define HAVE_STDLIB_H 1
| #define HAVE_STRING_H 1
| #define HAVE_INTTYPES_H 1
| #define HAVE_STDINT_H 1
| #define HAVE_STRINGS_H 1
| #define HAVE_SYS_STAT_H 1
| #define HAVE_SYS_TYPES_H 1
| #define HAVE_UNISTD_H 1
| #define HAVE_SYS_TIME_H 1
| #define STDC_HEADERS 1
| #define TIME_WITH_SYS_TIME 1
| #define HAVE_DIRENT_H 1
| #define RETSIGTYPE void
| #define HAVE_FORK 1
| #define HAVE_VFORK 1
| #define HAVE_WORKING_VFORK 1
| #define HAVE_WORKING_FORK 1
| #define HAVE_GETOPT_H 1
| #define HAVE_NCURSES_H 1
| #define HAVE_CURSES_H 1
| #define HAVE_DIRENT_H 1
| #define HAVE_SYS_UTSNAME_H 1
| /* end confdefs.h.  */
| #include <stddef.h>
| #ifdef HAVE_STDIO_H
| # include <stdio.h>
| #endif
| #ifdef HAVE_STDLIB_H
| # include <stdlib.h>
| #endif
| #ifdef HAVE_STRING_H
| # include <string.h>
| #endif
| #ifdef HAVE_INTTYPES_H
| # include <inttypes.h>
| #endif
| #ifdef HAVE_STDINT_H
| # include <stdint.h>
| #endif
| #ifdef HAVE_STRINGS_H
| # include <strings.h>
| #endif
| #ifdef HAVE_SYS_TYPES_H
| # include <sys/types.h>
| #endif
| #ifdef HAVE_SYS_STAT_H
| # include <sys/stat.h>
| #endif
| #ifdef HAVE_UNISTD_H
| # include <unistd.h>
| #endif
| #include <sys/sockio.h>
configure:6510: result: no
configure:6516: checking for netinet6/in6.h
configure:6516: gcc -c -g -O2  conftest.c >&5
conftest.c:62:10: fatal error: netinet6/in6.h: No such file or directory
   62 | #include <netinet6/in6.h>
      |          ^~~~~~~~~~~~~~~~
compilation terminated.
configure:6516: $? = 1
configure: failed program was:
| /* confdefs.h */
| #define PACKAGE_NAME "bmon"
| #define PACKAGE_TARNAME "bmon"
| #define PACKAGE_VERSION "4.0"
| #define PACKAGE_STRING "bmon 4.0"
| #define PACKAGE_BUGREPORT ""
| #define PACKAGE_URL "https://github.com/tgraf/bmon"
| #define PACKAGE "bmon"
| #define VERSION "4.0"
| #define HAVE_STDIO_H 1
| #define HAVE_STDLIB_H 1
| #define HAVE_STRING_H 1
| #define HAVE_INTTYPES_H 1
| #define HAVE_STDINT_H 1
| #define HAVE_STRINGS_H 1
| #define HAVE_SYS_STAT_H 1
| #define HAVE_SYS_TYPES_H 1
| #define HAVE_UNISTD_H 1
| #define HAVE_SYS_TIME_H 1
| #define STDC_HEADERS 1
| #define TIME_WITH_SYS_TIME 1
| #define HAVE_DIRENT_H 1
| #define RETSIGTYPE void
| #define HAVE_FORK 1
| #define HAVE_VFORK 1
| #define HAVE_WORKING_VFORK 1
| #define HAVE_WORKING_FORK 1
| #define HAVE_GETOPT_H 1
| #define HAVE_NCURSES_H 1
| #define HAVE_CURSES_H 1
| #define HAVE_DIRENT_H 1
| #define HAVE_SYS_UTSNAME_H 1
| /* end confdefs.h.  */
| #include <stddef.h>
| #ifdef HAVE_STDIO_H
| # include <stdio.h>
| #endif
| #ifdef HAVE_STDLIB_H
| # include <stdlib.h>
| #endif
| #ifdef HAVE_STRING_H
| # include <string.h>
| #endif
| #ifdef HAVE_INTTYPES_H
| # include <inttypes.h>
| #endif
| #ifdef HAVE_STDINT_H
| # include <stdint.h>
| #endif
| #ifdef HAVE_STRINGS_H
| # include <strings.h>
| #endif
| #ifdef HAVE_SYS_TYPES_H
| # include <sys/types.h>
| #endif
| #ifdef HAVE_SYS_STAT_H
| # include <sys/stat.h>
| #endif
| #ifdef HAVE_UNISTD_H
| # include <unistd.h>
| #endif
| #include <netinet6/in6.h>
configure:6516: result: no
configure:6523: checking for fcntl.h
configure:6523: gcc -c -g -O2  conftest.c >&5
configure:6523: $? = 0
configure:6523: result: yes
configure:6529: checking for netdb.h
configure:6529: gcc -c -g -O2  conftest.c >&5
configure:6529: $? = 0
configure:6529: result: yes
configure:6535: checking for netinet/in.h
configure:6535: gcc -c -g -O2  conftest.c >&5
configure:6535: $? = 0
configure:6535: result: yes
configure:6541: checking for sysctl/ioctl.h
configure:6541: gcc -c -g -O2  conftest.c >&5
conftest.c:65:10: fatal error: sysctl/ioctl.h: No such file or directory
   65 | #include <sysctl/ioctl.h>
      |          ^~~~~~~~~~~~~~~~
compilation terminated.
configure:6541: $? = 1
configure: failed program was:
| /* confdefs.h */
| #define PACKAGE_NAME "bmon"
| #define PACKAGE_TARNAME "bmon"
| #define PACKAGE_VERSION "4.0"
| #define PACKAGE_STRING "bmon 4.0"
| #define PACKAGE_BUGREPORT ""
| #define PACKAGE_URL "https://github.com/tgraf/bmon"
| #define PACKAGE "bmon"
| #define VERSION "4.0"
| #define HAVE_STDIO_H 1
| #define HAVE_STDLIB_H 1
| #define HAVE_STRING_H 1
| #define HAVE_INTTYPES_H 1
| #define HAVE_STDINT_H 1
| #define HAVE_STRINGS_H 1
| #define HAVE_SYS_STAT_H 1
| #define HAVE_SYS_TYPES_H 1
| #define HAVE_UNISTD_H 1
| #define HAVE_SYS_TIME_H 1
| #define STDC_HEADERS 1
| #define TIME_WITH_SYS_TIME 1
| #define HAVE_DIRENT_H 1
| #define RETSIGTYPE void
| #define HAVE_FORK 1
| #define HAVE_VFORK 1
| #define HAVE_WORKING_VFORK 1
| #define HAVE_WORKING_FORK 1
| #define HAVE_GETOPT_H 1
| #define HAVE_NCURSES_H 1
| #define HAVE_CURSES_H 1
| #define HAVE_DIRENT_H 1
| #define HAVE_SYS_UTSNAME_H 1
| #define HAVE_FCNTL_H 1
| #define HAVE_NETDB_H 1
| #define HAVE_NETINET_IN_H 1
| /* end confdefs.h.  */
| #include <stddef.h>
| #ifdef HAVE_STDIO_H
| # include <stdio.h>
| #endif
| #ifdef HAVE_STDLIB_H
| # include <stdlib.h>
| #endif
| #ifdef HAVE_STRING_H
| # include <string.h>
| #endif
| #ifdef HAVE_INTTYPES_H
| # include <inttypes.h>
| #endif
| #ifdef HAVE_STDINT_H
| # include <stdint.h>
| #endif
| #ifdef HAVE_STRINGS_H
| # include <strings.h>
| #endif
| #ifdef HAVE_SYS_TYPES_H
| # include <sys/types.h>
| #endif
| #ifdef HAVE_SYS_STAT_H
| # include <sys/stat.h>
| #endif
| #ifdef HAVE_UNISTD_H
| # include <unistd.h>
| #endif
| #include <sysctl/ioctl.h>
configure:6541: result: no
configure:6548: checking for sys/param.h
configure:6548: gcc -c -g -O2  conftest.c >&5
configure:6548: $? = 0
configure:6548: result: yes
configure:6554: checking for sys/socket.h
configure:6554: gcc -c -g -O2  conftest.c >&5
configure:6554: $? = 0
configure:6554: result: yes
configure:6562: checking for suseconds_t
configure:6562: gcc -c -g -O2  conftest.c >&5
configure:6562: $? = 0
configure:6562: gcc -c -g -O2  conftest.c >&5
conftest.c: In function 'main':
conftest.c:70:26: error: expected expression before ')' token
   70 | if (sizeof ((suseconds_t)))
      |                          ^
configure:6562: $? = 1
configure: failed program was:
| /* confdefs.h */
| #define PACKAGE_NAME "bmon"
| #define PACKAGE_TARNAME "bmon"
| #define PACKAGE_VERSION "4.0"
| #define PACKAGE_STRING "bmon 4.0"
| #define PACKAGE_BUGREPORT ""
| #define PACKAGE_URL "https://github.com/tgraf/bmon"
| #define PACKAGE "bmon"
| #define VERSION "4.0"
| #define HAVE_STDIO_H 1
| #define HAVE_STDLIB_H 1
| #define HAVE_STRING_H 1
| #define HAVE_INTTYPES_H 1
| #define HAVE_STDINT_H 1
| #define HAVE_STRINGS_H 1
| #define HAVE_SYS_STAT_H 1
| #define HAVE_SYS_TYPES_H 1
| #define HAVE_UNISTD_H 1
| #define HAVE_SYS_TIME_H 1
| #define STDC_HEADERS 1
| #define TIME_WITH_SYS_TIME 1
| #define HAVE_DIRENT_H 1
| #define RETSIGTYPE void
| #define HAVE_FORK 1
| #define HAVE_VFORK 1
| #define HAVE_WORKING_VFORK 1
| #define HAVE_WORKING_FORK 1
| #define HAVE_GETOPT_H 1
| #define HAVE_NCURSES_H 1
| #define HAVE_CURSES_H 1
| #define HAVE_DIRENT_H 1
| #define HAVE_SYS_UTSNAME_H 1
| #define HAVE_FCNTL_H 1
| #define HAVE_NETDB_H 1
| #define HAVE_NETINET_IN_H 1
| #define HAVE_SYS_PARAM_H 1
| #define HAVE_SYS_SOCKET_H 1
| /* end confdefs.h.  */
| #include <stddef.h>
| #ifdef HAVE_STDIO_H
| # include <stdio.h>
| #endif
| #ifdef HAVE_STDLIB_H
| # include <stdlib.h>
| #endif
| #ifdef HAVE_STRING_H
| # include <string.h>
| #endif
| #ifdef HAVE_INTTYPES_H
| # include <inttypes.h>
| #endif
| #ifdef HAVE_STDINT_H
| # include <stdint.h>
| #endif
| #ifdef HAVE_STRINGS_H
| # include <strings.h>
| #endif
| #ifdef HAVE_SYS_TYPES_H
| # include <sys/types.h>
| #endif
| #ifdef HAVE_SYS_STAT_H
| # include <sys/stat.h>
| #endif
| #ifdef HAVE_UNISTD_H
| # include <unistd.h>
| #endif
| int
| main (void)
| {
| if (sizeof ((suseconds_t)))
| 	    return 0;
|   ;
|   return 0;
| }
configure:6562: result: yes
configure:6572: checking for atexit
configure:6572: gcc -o conftest -g -O2   conftest.c  >&5
configure:6572: $? = 0
configure:6572: result: yes
configure:6578: checking for clock_gettime
configure:6578: gcc -o conftest -g -O2   conftest.c  >&5
configure:6578: $? = 0
configure:6578: result: yes
configure:6584: checking for memset
configure:6584: gcc -o conftest -g -O2   conftest.c  >&5
conftest.c:58:6: warning: conflicting types for built-in function 'memset'; expected 'void *(void *, int,  long unsigned int)' [-Wbuiltin-declaration-mismatch]
   58 | char memset ();
      |      ^~~~~~
conftest.c:50:1: note: 'memset' is declared in header '<string.h>'
   49 | #include <limits.h>
   50 | #undef memset
configure:6584: $? = 0
configure:6584: result: yes
configure:6590: checking for pow
configure:6590: gcc -o conftest -g -O2   conftest.c  >&5
conftest.c:59:6: warning: conflicting types for built-in function 'pow'; expected 'double(double,  double)' [-Wbuiltin-declaration-mismatch]
   59 | char pow ();
      |      ^~~
conftest.c:51:1: note: 'pow' is declared in header '<math.h>'
   50 | #include <limits.h>
   51 | #undef pow
/usr/bin/ld: /tmp/ccoTBUkn.o: in function `main':
/home/cli/Desktop/bmon/bmon/conftest.c:70: undefined reference to `pow'
collect2: error: ld returned 1 exit status
configure:6590: $? = 1
configure: failed program was:
| /* confdefs.h */
| #define PACKAGE_NAME "bmon"
| #define PACKAGE_TARNAME "bmon"
| #define PACKAGE_VERSION "4.0"
| #define PACKAGE_STRING "bmon 4.0"
| #define PACKAGE_BUGREPORT ""
| #define PACKAGE_URL "https://github.com/tgraf/bmon"
| #define PACKAGE "bmon"
| #define VERSION "4.0"
| #define HAVE_STDIO_H 1
| #define HAVE_STDLIB_H 1
| #define HAVE_STRING_H 1
| #define HAVE_INTTYPES_H 1
| #define HAVE_STDINT_H 1
| #define HAVE_STRINGS_H 1
| #define HAVE_SYS_STAT_H 1
| #define HAVE_SYS_TYPES_H 1
| #define HAVE_UNISTD_H 1
| #define HAVE_SYS_TIME_H 1
| #define STDC_HEADERS 1
| #define TIME_WITH_SYS_TIME 1
| #define HAVE_DIRENT_H 1
| #define RETSIGTYPE void
| #define HAVE_FORK 1
| #define HAVE_VFORK 1
| #define HAVE_WORKING_VFORK 1
| #define HAVE_WORKING_FORK 1
| #define HAVE_GETOPT_H 1
| #define HAVE_NCURSES_H 1
| #define HAVE_CURSES_H 1
| #define HAVE_DIRENT_H 1
| #define HAVE_SYS_UTSNAME_H 1
| #define HAVE_FCNTL_H 1
| #define HAVE_NETDB_H 1
| #define HAVE_NETINET_IN_H 1
| #define HAVE_SYS_PARAM_H 1
| #define HAVE_SYS_SOCKET_H 1
| #define HAVE_SUSECONDS_T 1
| #define HAVE_ATEXIT 1
| #define HAVE_CLOCK_GETTIME 1
| #define HAVE_MEMSET 1
| /* end confdefs.h.  */
| /* Define pow to an innocuous variant, in case <limits.h> declares pow.
|    For example, HP-UX 11i <limits.h> declares gettimeofday.  */
| #define pow innocuous_pow
| 
| /* System header to define __stub macros and hopefully few prototypes,
|    which can conflict with char pow (); below.  */
| 
| #include <limits.h>
| #undef pow
| 
| /* Override any GCC internal prototype to avoid an error.
|    Use char because int might match the return type of a GCC
|    builtin and then its argument prototype would still apply.  */
| #ifdef __cplusplus
| extern "C"
| #endif
| char pow ();
| /* The GNU C library defines this for functions which it implements
|     to always fail with ENOSYS.  Some functions are actually named
|     something starting with __ and the normal name is an alias.  */
| #if defined __stub_pow || defined __stub___pow
| choke me
| #endif
| 
| int
| main (void)
| {
| return pow ();
|   ;
|   return 0;
| }
configure:6590: result: no
configure:6596: checking for socket
configure:6596: gcc -o conftest -g -O2   conftest.c  >&5
configure:6596: $? = 0
configure:6596: result: yes
configure:6602: checking for strcasecmp
configure:6602: gcc -o conftest -g -O2   conftest.c  >&5
conftest.c:60:6: warning: conflicting types for built-in function 'strcasecmp'; expected 'int(const char *, const char *)' [-Wbuiltin-declaration-mismatch]
   60 | char strcasecmp ();
      |      ^~~~~~~~~~
configure:6602: $? = 0
configure:6602: result: yes
configure:6609: checking for strchr
configure:6609: gcc -o conftest -g -O2   conftest.c  >&5
conftest.c:61:6: warning: conflicting types for built-in function 'strchr'; expected 'char *(const char *, int)' [-Wbuiltin-declaration-mismatch]
   61 | char strchr ();
      |      ^~~~~~
conftest.c:53:1: note: 'strchr' is declared in header '<string.h>'
   52 | #include <limits.h>
   53 | #undef strchr
configure:6609: $? = 0
configure:6609: result: yes
configure:6615: checking for strdup
configure:6615: gcc -o conftest -g -O2   conftest.c  >&5
conftest.c:62:6: warning: conflicting types for built-in function 'strdup'; expected 'char *(const char *)' [-Wbuiltin-declaration-mismatch]
   62 | char strdup ();
      |      ^~~~~~
configure:6615: $? = 0
configure:6615: result: yes
configure:6621: checking for strerror
configure:6621: gcc -o conftest -g -O2   conftest.c  >&5
configure:6621: $? = 0
configure:6621: result: yes
configure:6627: checking for strncasecmp
configure:6627: gcc -o conftest -g -O2   conftest.c  >&5
conftest.c:64:6: warning: conflicting types for built-in function 'strncasecmp'; expected 'int(const char *, const char *, long unsigned int)' [-Wbuiltin-declaration-mismatch]
   64 | char strncasecmp ();
      |      ^~~~~~~~~~~
configure:6627: $? = 0
configure:6627: result: yes
configure:6633: checking for strstr
configure:6633: gcc -o conftest -g -O2   conftest.c  >&5
conftest.c:65:6: warning: conflicting types for built-in function 'strstr'; expected 'char *(const char *, const char *)' [-Wbuiltin-declaration-mismatch]
   65 | char strstr ();
      |      ^~~~~~
conftest.c:57:1: note: 'strstr' is declared in header '<string.h>'
   56 | #include <limits.h>
   57 | #undef strstr
configure:6633: $? = 0
configure:6633: result: yes
configure:6639: checking for strtol
configure:6639: gcc -o conftest -g -O2   conftest.c  >&5
configure:6639: $? = 0
configure:6639: result: yes
configure:6646: checking for uname
configure:6646: gcc -o conftest -g -O2   conftest.c  >&5
configure:6646: $? = 0
configure:6646: result: yes
configure:6652: checking for getdate
configure:6652: gcc -o conftest -g -O2   conftest.c  >&5
configure:6652: $? = 0
configure:6652: result: yes
configure:6662: checking for pkg-config
configure:6685: found /usr/bin/pkg-config
configure:6698: result: /usr/bin/pkg-config
configure:6754: checking for NcursesW wide-character library
configure:6776: gcc -o conftest -g -O2   conftest.c  -lncursesw >&5
configure:6776: $? = 0
configure:6786: result: yes
configure:6808: checking for working ncursesw/curses.h
configure:6842: gcc -o conftest -g -O2   conftest.c  -lncursesw >&5
configure:6842: $? = 0
configure:6852: result: yes
configure:6875: checking for working ncursesw.h
configure:6909: gcc -o conftest -g -O2   conftest.c  -lncursesw >&5
conftest.c:61:34: fatal error: ncursesw.h: No such file or directory
   61 |                         #include <ncursesw.h>
      |                                  ^~~~~~~~~~~~
compilation terminated.
configure:6909: $? = 1
configure: failed program was:
| /* confdefs.h */
| #define PACKAGE_NAME "bmon"
| #define PACKAGE_TARNAME "bmon"
| #define PACKAGE_VERSION "4.0"
| #define PACKAGE_STRING "bmon 4.0"
| #define PACKAGE_BUGREPORT ""
| #define PACKAGE_URL "https://github.com/tgraf/bmon"
| #define PACKAGE "bmon"
| #define VERSION "4.0"
| #define HAVE_STDIO_H 1
| #define HAVE_STDLIB_H 1
| #define HAVE_STRING_H 1
| #define HAVE_INTTYPES_H 1
| #define HAVE_STDINT_H 1
| #define HAVE_STRINGS_H 1
| #define HAVE_SYS_STAT_H 1
| #define HAVE_SYS_TYPES_H 1
| #define HAVE_UNISTD_H 1
| #define HAVE_SYS_TIME_H 1
| #define STDC_HEADERS 1
| #define TIME_WITH_SYS_TIME 1
| #define HAVE_DIRENT_H 1
| #define RETSIGTYPE void
| #define HAVE_FORK 1
| #define HAVE_VFORK 1
| #define HAVE_WORKING_VFORK 1
| #define HAVE_WORKING_FORK 1
| #define HAVE_GETOPT_H 1
| #define HAVE_NCURSES_H 1
| #define HAVE_CURSES_H 1
| #define HAVE_DIRENT_H 1
| #define HAVE_SYS_UTSNAME_H 1
| #define HAVE_FCNTL_H 1
| #define HAVE_NETDB_H 1
| #define HAVE_NETINET_IN_H 1
| #define HAVE_SYS_PARAM_H 1
| #define HAVE_SYS_SOCKET_H 1
| #define HAVE_SUSECONDS_T 1
| #define HAVE_ATEXIT 1
| #define HAVE_CLOCK_GETTIME 1
| #define HAVE_MEMSET 1
| #define HAVE_SOCKET 1
| #define HAVE_STRCASECMP 1
| #define HAVE_STRCHR 1
| #define HAVE_STRDUP 1
| #define HAVE_STRERROR 1
| #define HAVE_STRNCASECMP 1
| #define HAVE_STRSTR 1
| #define HAVE_STRTOL 1
| #define HAVE_UNAME 1
| #define HAVE_GETDATE 1
| #define HAVE_NCURSESW 1
| #define HAVE_CURSES 1
| #define HAVE_CURSES_ENHANCED 1
| #define HAVE_CURSES_COLOR 1
| #define HAVE_CURSES_OBSOLETE 1
| #define HAVE_NCURSESW_CURSES_H 1
| /* end confdefs.h.  */
| 
|                         #define _XOPEN_SOURCE_EXTENDED 1
|                         #include <ncursesw.h>
| 
| int
| main (void)
| {
| 
|                         chtype a = A_BOLD;
|                         int b = KEY_LEFT;
|                         chtype c = COLOR_PAIR(1) & A_COLOR;
|                         attr_t d = WA_NORMAL;
|                         cchar_t e;
|                         wint_t f;
|                         int g = getattrs(stdscr);
|                         int h = getcurx(stdscr) + getmaxx(stdscr);
|                         initscr();
|                         init_pair(1, COLOR_WHITE, COLOR_RED);
|                         wattr_set(stdscr, d, 0, NULL);
|                         wget_wch(stdscr, &f);
| 
|   ;
|   return 0;
| }
configure:6919: result: no
configure:6942: checking for working ncurses.h
configure:6976: gcc -o conftest -g -O2   conftest.c  -lncursesw >&5
configure:6976: $? = 0
configure:6986: result: yes
configure:7640: checking pkg-config is at least version 0.9.0
configure:7643: result: yes
configure:7653: checking for libconfuse
configure:7660: $PKG_CONFIG --exists --print-errors "libconfuse"
configure:7663: $? = 0
configure:7677: $PKG_CONFIG --exists --print-errors "libconfuse"
configure:7680: $? = 0
configure:7718: result: yes
configure:7727: checking for libnl-3.0
configure:7734: $PKG_CONFIG --exists --print-errors "libnl-3.0"
configure:7737: $? = 0
configure:7751: $PKG_CONFIG --exists --print-errors "libnl-3.0"
configure:7754: $? = 0
configure:7792: result: yes
configure:7798: checking for libnl-route-3.0
configure:7805: $PKG_CONFIG --exists --print-errors "libnl-route-3.0"
configure:7808: $? = 0
configure:7822: $PKG_CONFIG --exists --print-errors "libnl-route-3.0"
configure:7825: $? = 0
configure:7863: result: yes
configure:7870: checking for pow in -lm
configure:7893: gcc -o conftest -g -O2   conftest.c -lm   >&5
conftest.c:67:6: warning: conflicting types for built-in function 'pow'; expected 'double(double,  double)' [-Wbuiltin-declaration-mismatch]
   67 | char pow ();
      |      ^~~
conftest.c:1:1: note: 'pow' is declared in header '<math.h>'
    1 | /* confdefs.h */
configure:7893: $? = 0
configure:7903: result: yes
configure:7917: checking for clock_gettime in -lrt
configure:7940: gcc -o conftest -g -O2   conftest.c -lrt  -lm  >&5
configure:7940: $? = 0
configure:7950: result: yes
configure:7969: checking for initscr in -lncurses
configure:7992: gcc -o conftest -g -O2   conftest.c -lncurses  -lrt -lm  >&5
configure:7992: $? = 0
configure:8002: result: yes
configure:8074: checking for redrawwin in -lncurses
configure:8097: gcc -o conftest -g -O2   conftest.c -lncurses  -lrt -lm  >&5
configure:8097: $? = 0
configure:8108: result: yes
configure:8121: checking for use_default_colors in -lncurses
configure:8144: gcc -o conftest -g -O2   conftest.c -lncurses  -lrt -lm  >&5
configure:8144: $? = 0
configure:8155: result: yes
configure:8374: checking that generated files are newer than configure
configure:8380: result: done
configure:8407: creating ./config.status

## ---------------------- ##
## Running config.status. ##
## ---------------------- ##

This file was extended by bmon config.status 4.0, which was
generated by GNU Autoconf 2.71.  Invocation command line was

  CONFIG_FILES    = 
  CONFIG_HEADERS  = 
  CONFIG_LINKS    = 
  CONFIG_COMMANDS = 
  $ ./config.status 

on kali

config.status:927: creating Makefile
config.status:927: creating include/Makefile
config.status:927: creating src/Makefile
config.status:927: creating man/Makefile
config.status:927: creating examples/Makefile
config.status:927: creating include/bmon/defs.h
config.status:1156: executing depfiles commands
config.status:1233: cd src       && sed -e '/# am--include-marker/d' Makefile         | make -f - am--depfiles
config.status:1238: $? = 0

## ---------------- ##
## Cache variables. ##
## ---------------- ##

ac_cv_build=x86_64-pc-linux-gnu
ac_cv_c_compiler_gnu=yes
ac_cv_c_const=yes
ac_cv_c_inline=inline
ac_cv_env_CC_set=
ac_cv_env_CC_value=
ac_cv_env_CFLAGS_set=
ac_cv_env_CFLAGS_value=
ac_cv_env_CONFUSE_CFLAGS_set=
ac_cv_env_CONFUSE_CFLAGS_value=
ac_cv_env_CONFUSE_LIBS_set=
ac_cv_env_CONFUSE_LIBS_value=
ac_cv_env_CPPFLAGS_set=
ac_cv_env_CPPFLAGS_value=
ac_cv_env_CPP_set=
ac_cv_env_CPP_value=
ac_cv_env_CURSES_LIB_set=
ac_cv_env_CURSES_LIB_value=
ac_cv_env_LDFLAGS_set=
ac_cv_env_LDFLAGS_value=
ac_cv_env_LIBNL_CFLAGS_set=
ac_cv_env_LIBNL_CFLAGS_value=
ac_cv_env_LIBNL_LIBS_set=
ac_cv_env_LIBNL_LIBS_value=
ac_cv_env_LIBNL_ROUTE_CFLAGS_set=
ac_cv_env_LIBNL_ROUTE_CFLAGS_value=
ac_cv_env_LIBNL_ROUTE_LIBS_set=
ac_cv_env_LIBNL_ROUTE_LIBS_value=
ac_cv_env_LIBS_set=
ac_cv_env_LIBS_value=
ac_cv_env_PKG_CONFIG_LIBDIR_set=
ac_cv_env_PKG_CONFIG_LIBDIR_value=
ac_cv_env_PKG_CONFIG_PATH_set=
ac_cv_env_PKG_CONFIG_PATH_value=
ac_cv_env_PKG_CONFIG_set=
ac_cv_env_PKG_CONFIG_value=
ac_cv_env_build_alias_set=
ac_cv_env_build_alias_value=
ac_cv_env_host_alias_set=
ac_cv_env_host_alias_value=
ac_cv_env_target_alias_set=
ac_cv_env_target_alias_value=
ac_cv_func_atexit=yes
ac_cv_func_clock_gettime=yes
ac_cv_func_fork=yes
ac_cv_func_fork_works=yes
ac_cv_func_getdate=yes
ac_cv_func_memset=yes
ac_cv_func_pow=no
ac_cv_func_socket=yes
ac_cv_func_strcasecmp=yes
ac_cv_func_strchr=yes
ac_cv_func_strdup=yes
ac_cv_func_strerror=yes
ac_cv_func_strncasecmp=yes
ac_cv_func_strstr=yes
ac_cv_func_strtol=yes
ac_cv_func_uname=yes
ac_cv_func_vfork=yes
ac_cv_func_vfork_works=yes
ac_cv_header_curses_h=yes
ac_cv_header_dirent_dirent_h=yes
ac_cv_header_dirent_h=yes
ac_cv_header_fcntl_h=yes
ac_cv_header_getopt_h=yes
ac_cv_header_inttypes_h=yes
ac_cv_header_ncurses_h=yes
ac_cv_header_ncurses_ncurses_h=no
ac_cv_header_netdb_h=yes
ac_cv_header_netinet6_in6_h=no
ac_cv_header_netinet_in_h=yes
ac_cv_header_stdint_h=yes
ac_cv_header_stdio_h=yes
ac_cv_header_stdlib_h=yes
ac_cv_header_string_h=yes
ac_cv_header_strings_h=yes
ac_cv_header_sys_param_h=yes
ac_cv_header_sys_socket_h=yes
ac_cv_header_sys_sockio_h=no
ac_cv_header_sys_stat_h=yes
ac_cv_header_sys_time_h=yes
ac_cv_header_sys_types_h=yes
ac_cv_header_sys_utsname_h=yes
ac_cv_header_sysctl_ioctl_h=no
ac_cv_header_unistd_h=yes
ac_cv_header_vfork_h=no
ac_cv_host=x86_64-pc-linux-gnu
ac_cv_lib_m_pow=yes
ac_cv_lib_ncurses_initscr=yes
ac_cv_lib_ncurses_redrawwin=yes
ac_cv_lib_ncurses_use_default_colors=yes
ac_cv_lib_rt_clock_gettime=yes
ac_cv_objext=o
ac_cv_path_PKG_CONFIG=/usr/bin/pkg-config
ac_cv_path_install='/usr/bin/install -c'
ac_cv_path_mkdir=/usr/bin/mkdir
ac_cv_prog_AWK=gawk
ac_cv_prog_CPP='gcc -E'
ac_cv_prog_ac_ct_CC=gcc
ac_cv_prog_cc_c11=
ac_cv_prog_cc_g=yes
ac_cv_prog_cc_stdc=
ac_cv_prog_make_make_set=yes
ac_cv_search_opendir='none required'
ac_cv_search_strerror='none required'
ac_cv_target=x86_64-pc-linux-gnu
ac_cv_type_pid_t=yes
ac_cv_type_signal=void
ac_cv_type_size_t=yes
ac_cv_type_suseconds_t=yes
am_cv_CC_dependencies_compiler_type=gcc3
am_cv_make_support_nested_variables=yes
am_cv_prog_cc_c_o=yes
ax_cv_curses=yes
ax_cv_curses_color=yes
ax_cv_curses_enhanced=yes
ax_cv_curses_obsolete=yes
ax_cv_curses_which=ncursesw
ax_cv_header_ncurses_h_with_ncursesw=yes
ax_cv_header_ncursesw_curses_h=yes
ax_cv_header_ncursesw_h=no
ax_cv_ncursesw=yes
pkg_cv_CONFUSE_CFLAGS=
pkg_cv_CONFUSE_LIBS='-lconfuse '
pkg_cv_LIBNL_CFLAGS='-I/usr/include/libnl3 '
pkg_cv_LIBNL_LIBS='-lnl-3 '
pkg_cv_LIBNL_ROUTE_CFLAGS='-I/usr/include/libnl3 '
pkg_cv_LIBNL_ROUTE_LIBS='-lnl-route-3 -lnl-3 '

## ----------------- ##
## Output variables. ##
## ----------------- ##

ACLOCAL='${SHELL} '\''/home/cli/Desktop/bmon/bmon/build-aux/missing'\'' aclocal-1.16'
AMDEPBACKSLASH='\'
AMDEP_FALSE='#'
AMDEP_TRUE=''
AMTAR='$${TAR-tar}'
AM_BACKSLASH='\'
AM_DEFAULT_V='$(AM_DEFAULT_VERBOSITY)'
AM_DEFAULT_VERBOSITY='0'
AM_V='$(V)'
ARCH=''
AUTOCONF='${SHELL} '\''/home/cli/Desktop/bmon/bmon/build-aux/missing'\'' autoconf'
AUTOHEADER='${SHELL} '\''/home/cli/Desktop/bmon/bmon/build-aux/missing'\'' autoheader'
AUTOMAKE='${SHELL} '\''/home/cli/Desktop/bmon/bmon/build-aux/missing'\'' automake-1.16'
AWK='gawk'
CC='gcc'
CCDEPMODE='depmode=gcc3'
CFLAGS='-g -O2'
CONFUSE_CFLAGS=''
CONFUSE_LIBS='-lconfuse '
CPP='gcc -E'
CPPFLAGS=''
CSCOPE='cscope'
CTAGS='ctags'
CURSES='Yes'
CURSES_LIB='-lncursesw'
CYGPATH_W='echo'
DEBUG='0'
DEFS='-DHAVE_CONFIG_H'
DEPDIR='.deps'
ECHO_C=''
ECHO_N='-n'
ECHO_T=''
ETAGS='etags'
EXEEXT=''
INSTALL_DATA='${INSTALL} -m 644'
INSTALL_PROGRAM='${INSTALL}'
INSTALL_SCRIPT='${INSTALL}'
INSTALL_STRIP_PROGRAM='$(install_sh) -c -s'
LDFLAGS=''
LIBNL_CFLAGS='-I/usr/include/libnl3 '
LIBNL_LIBS='-lnl-3 '
LIBNL_ROUTE_CFLAGS='-I/usr/include/libnl3 '
LIBNL_ROUTE_LIBS='-lnl-route-3 -lnl-3 '
LIBOBJS=''
LIBS='-lrt -lm '
LTLIBOBJS=''
MAKEINFO='${SHELL} '\''/home/cli/Desktop/bmon/bmon/build-aux/missing'\'' makeinfo'
MKDIR_P='/usr/bin/mkdir -p'
OBJEXT='o'
PACKAGE='bmon'
PACKAGE_BUGREPORT=''
PACKAGE_NAME='bmon'
PACKAGE_STRING='bmon 4.0'
PACKAGE_TARNAME='bmon'
PACKAGE_URL='https://github.com/tgraf/bmon'
PACKAGE_VERSION='4.0'
PATH_SEPARATOR=':'
PKG_CONFIG='/usr/bin/pkg-config'
PKG_CONFIG_LIBDIR=''
PKG_CONFIG_PATH=''
SET_MAKE=''
SHELL='/bin/bash'
STATIC=''
STRIP=''
SYS=''
VERSION='4.0'
ac_ct_CC='gcc'
am__EXEEXT_FALSE=''
am__EXEEXT_TRUE='#'
am__fastdepCC_FALSE='#'
am__fastdepCC_TRUE=''
am__include='include'
am__isrc=''
am__leading_dot='.'
am__nodep='_no'
am__quote=''
am__tar='$${TAR-tar} chof - "$$tardir"'
am__untar='$${TAR-tar} xf -'
bindir='${exec_prefix}/bin'
build='x86_64-pc-linux-gnu'
build_alias=''
build_cpu='x86_64'
build_os='linux-gnu'
build_vendor='pc'
datadir='${datarootdir}'
datarootdir='${prefix}/share'
docdir='${datarootdir}/doc/${PACKAGE_TARNAME}'
dvidir='${docdir}'
exec_prefix='${prefix}'
host='x86_64-pc-linux-gnu'
host_alias=''
host_cpu='x86_64'
host_os='linux-gnu'
host_vendor='pc'
htmldir='${docdir}'
includedir='${prefix}/include'
infodir='${datarootdir}/info'
install_sh='${SHELL} /home/cli/Desktop/bmon/bmon/build-aux/install-sh'
libdir='${exec_prefix}/lib'
libexecdir='${exec_prefix}/libexec'
localedir='${datarootdir}/locale'
localstatedir='${prefix}/var'
mandir='${datarootdir}/man'
mkdir_p='$(MKDIR_P)'
oldincludedir='/usr/include'
pdfdir='${docdir}'
prefix='/usr/local'
program_transform_name='s,x,x,'
psdir='${docdir}'
runstatedir='${localstatedir}/run'
sbindir='${exec_prefix}/sbin'
sharedstatedir='${prefix}/com'
sysconfdir='${prefix}/etc'
target='x86_64-pc-linux-gnu'
target_alias=''
target_cpu='x86_64'
target_os='linux-gnu'
target_vendor='pc'

## ----------- ##
## confdefs.h. ##
## ----------- ##

/* confdefs.h */
#define PACKAGE_NAME "bmon"
#define PACKAGE_TARNAME "bmon"
#define PACKAGE_VERSION "4.0"
#define PACKAGE_STRING "bmon 4.0"
#define PACKAGE_BUGREPORT ""
#define PACKAGE_URL "https://github.com/tgraf/bmon"
#define PACKAGE "bmon"
#define VERSION "4.0"
#define HAVE_STDIO_H 1
#define HAVE_STDLIB_H 1
#define HAVE_STRING_H 1
#define HAVE_INTTYPES_H 1
#define HAVE_STDINT_H 1
#define HAVE_STRINGS_H 1
#define HAVE_SYS_STAT_H 1
#define HAVE_SYS_TYPES_H 1
#define HAVE_UNISTD_H 1
#define HAVE_SYS_TIME_H 1
#define STDC_HEADERS 1
#define TIME_WITH_SYS_TIME 1
#define HAVE_DIRENT_H 1
#define RETSIGTYPE void
#define HAVE_FORK 1
#define HAVE_VFORK 1
#define HAVE_WORKING_VFORK 1
#define HAVE_WORKING_FORK 1
#define HAVE_GETOPT_H 1
#define HAVE_NCURSES_H 1
#define HAVE_CURSES_H 1
#define HAVE_DIRENT_H 1
#define HAVE_SYS_UTSNAME_H 1
#define HAVE_FCNTL_H 1
#define HAVE_NETDB_H 1
#define HAVE_NETINET_IN_H 1
#define HAVE_SYS_PARAM_H 1
#define HAVE_SYS_SOCKET_H 1
#define HAVE_SUSECONDS_T 1
#define HAVE_ATEXIT 1
#define HAVE_CLOCK_GETTIME 1
#define HAVE_MEMSET 1
#define HAVE_SOCKET 1
#define HAVE_STRCASECMP 1
#define HAVE_STRCHR 1
#define HAVE_STRDUP 1
#define HAVE_STRERROR 1
#define HAVE_STRNCASECMP 1
#define HAVE_STRSTR 1
#define HAVE_STRTOL 1
#define HAVE_UNAME 1
#define HAVE_GETDATE 1
#define HAVE_NCURSESW 1
#define HAVE_CURSES 1
#define HAVE_CURSES_ENHANCED 1
#define HAVE_CURSES_COLOR 1
#define HAVE_CURSES_OBSOLETE 1
#define HAVE_NCURSESW_CURSES_H 1
#define HAVE_CURSES_ENHANCED 1
#define HAVE_CURSES_COLOR 1
#define HAVE_CURSES_OBSOLETE 1
#define HAVE_NCURSES_H 1
#define HAVE_LIBM 1
#define HAVE_LIBRT 1
#define HAVE_NCURSES "1"
#define HAVE_REDRAWWIN "1"
#define HAVE_USE_DEFAULT_COLORS "1"
#define SYS_LINUX "1"

configure: exit 0
